2020-10-10 16:52:45.811 [main] WARN  MainClass  - ВАЖНОЕ ОБЪЯВЛЕНИЕ >>> Подготовка!!!
2020-10-10 16:52:45.823 [Thread-1] INFO  Car  - Участник #2 готовится
2020-10-10 16:52:45.823 [Thread-3] INFO  Car  - Участник #4 готовится
2020-10-10 16:52:45.823 [Thread-2] INFO  Car  - Участник #3 готовится
2020-10-10 16:52:45.823 [Thread-0] INFO  Car  - Участник #1 готовится
2020-10-10 16:52:46.525 [Thread-1] INFO  Car  - Участник #2 готов
2020-10-10 16:52:46.821 [Thread-0] INFO  Car  - Участник #1 готов
2020-10-10 16:52:46.965 [Thread-3] INFO  Car  - Участник #4 готов
2020-10-10 16:52:47.012 [Thread-2] INFO  Car  - Участник #3 готов
2020-10-10 16:52:47.013 [main] WARN  MainClass  - ВАЖНОЕ ОБЪЯВЛЕНИЕ >>> Гонка началась!!!
2020-10-10 16:52:47.022 [Thread-3] INFO  Road  - Участник #4 начал этап: Дорога 60 метров
2020-10-10 16:52:47.022 [Thread-1] INFO  Road  - Участник #2 начал этап: Дорога 60 метров
2020-10-10 16:52:47.023 [Thread-0] INFO  Road  - Участник #1 начал этап: Дорога 60 метров
2020-10-10 16:52:47.024 [Thread-2] INFO  Road  - Участник #3 начал этап: Дорога 60 метров
2020-10-10 16:52:49.024 [Thread-3] INFO  Road  - Участник #4 закончил этап: Дорога 60 метров
2020-10-10 16:52:49.025 [Thread-0] INFO  Road  - Участник #1 закончил этап: Дорога 60 метров
2020-10-10 16:52:49.026 [Thread-2] INFO  Road  - Участник #3 закончил этап: Дорога 60 метров
2020-10-10 16:52:49.027 [Thread-3] INFO  Tunnel  - Участник #4 готовится к этапу(ждет): Тоннель 80 метров
2020-10-10 16:52:49.027 [Thread-0] INFO  Tunnel  - Участник #1 готовится к этапу(ждет): Тоннель 80 метров
2020-10-10 16:52:49.029 [Thread-3] INFO  Tunnel  - Участник #4 начал этап: Тоннель 80 метров
2020-10-10 16:52:49.027 [Thread-2] INFO  Tunnel  - Участник #3 готовится к этапу(ждет): Тоннель 80 метров
2020-10-10 16:52:49.029 [Thread-0] INFO  Tunnel  - Участник #1 начал этап: Тоннель 80 метров
2020-10-10 16:52:50.023 [Thread-1] INFO  Road  - Участник #2 закончил этап: Дорога 60 метров
2020-10-10 16:52:50.024 [Thread-1] INFO  Tunnel  - Участник #2 готовится к этапу(ждет): Тоннель 80 метров
2020-10-10 16:52:52.031 [Thread-3] INFO  Tunnel  - Участник #4 закончил этап: Тоннель 80 метров
2020-10-10 16:52:52.033 [Thread-0] INFO  Tunnel  - Участник #1 закончил этап: Тоннель 80 метров
2020-10-10 16:52:52.034 [Thread-0] INFO  Road  - Участник #1 начал этап: Дорога 40 метров
2020-10-10 16:52:52.034 [Thread-3] INFO  Road  - Участник #4 начал этап: Дорога 40 метров
2020-10-10 16:52:52.034 [Thread-2] INFO  Tunnel  - Участник #3 начал этап: Тоннель 80 метров
2020-10-10 16:52:52.034 [Thread-1] INFO  Tunnel  - Участник #2 начал этап: Тоннель 80 метров
2020-10-10 16:52:53.035 [Thread-3] INFO  Road  - Участник #4 закончил этап: Дорога 40 метров
2020-10-10 16:52:53.036 [Thread-0] INFO  Road  - Участник #1 закончил этап: Дорога 40 метров
2020-10-10 16:52:54.035 [Thread-2] INFO  Tunnel  - Участник #3 закончил этап: Тоннель 80 метров
2020-10-10 16:52:54.035 [Thread-2] INFO  Road  - Участник #3 начал этап: Дорога 40 метров
2020-10-10 16:52:55.037 [Thread-2] INFO  Road  - Участник #3 закончил этап: Дорога 40 метров
2020-10-10 16:52:56.037 [Thread-1] INFO  Tunnel  - Участник #2 закончил этап: Тоннель 80 метров
2020-10-10 16:52:56.037 [Thread-1] INFO  Road  - Участник #2 начал этап: Дорога 40 метров
2020-10-10 16:52:58.042 [Thread-1] INFO  Road  - Участник #2 закончил этап: Дорога 40 метров
2020-10-10 16:52:58.042 [main] WARN  MainClass  - ВАЖНОЕ ОБЪЯВЛЕНИЕ >>> Гонка закончилась!!!